[debug] [2020-12-24T03:04:43.606Z] ----------------------------------------------------------------------
[debug] [2020-12-24T03:04:43.610Z] Command:       C:\Program Files\nodejs\node.exe C:\Users\vaibh\AppData\Roaming\npm\node_modules\firebase-tools\lib\bin\firebase.js deploy
[debug] [2020-12-24T03:04:43.611Z] CLI Version:   9.0.1
[debug] [2020-12-24T03:04:43.611Z] Platform:      win32
[debug] [2020-12-24T03:04:43.611Z] Node Version:  v12.18.0
[debug] [2020-12-24T03:04:43.613Z] Time:          Thu Dec 24 2020 08:34:43 GMT+0530 (India Standard Time)
[debug] [2020-12-24T03:04:43.614Z] ----------------------------------------------------------------------
[debug] [2020-12-24T03:04:43.614Z] 
[debug] [2020-12-24T03:04:43.628Z] > command requires scopes: ["email","openid","https://www.googleapis.com/auth/cloudplatformprojects.readonly","https://www.googleapis.com/auth/firebase","https://www.googleapis.com/auth/cloud-platform"]
[debug] [2020-12-24T03:04:43.629Z] > authorizing via signed-in user
[debug] [2020-12-24T03:04:43.629Z] [iam] checking project react-redux-linkedin-clone for permissions ["firebase.projects.get","firebasehosting.sites.update"]
[debug] [2020-12-24T03:04:43.635Z] >>> HTTP REQUEST POST https://cloudresourcemanager.googleapis.com/v1/projects/react-redux-linkedin-clone:testIamPermissions  
 {"permissions":["firebase.projects.get","firebasehosting.sites.update"]}
[debug] [2020-12-24T03:04:45.144Z] <<< HTTP RESPONSE 200 {"content-type":"application/json; charset=UTF-8","vary":"X-Origin, Referer, Origin,Accept-Encoding","date":"Thu, 24 Dec 2020 03:04:44 GMT","server":"ESF","cache-control":"private","x-xss-protection":"0","x-frame-options":"SAMEORIGIN","x-content-type-options":"nosniff","server-timing":"gfet4t7; dur=1235","alt-svc":"h3-29=\":443\"; ma=2592000,h3-T051=\":443\"; ma=2592000,h3-Q050=\":443\"; ma=2592000,h3-Q046=\":443\"; ma=2592000,h3-Q043=\":443\"; ma=2592000,quic=\":443\"; ma=2592000; v=\"46,43\"","accept-ranges":"none","transfer-encoding":"chunked"}
[debug] [2020-12-24T03:04:45.148Z] >>> HTTP REQUEST GET https://firebase.googleapis.com/v1beta1/projects/react-redux-linkedin-clone  
 
[debug] [2020-12-24T03:05:00.639Z] Server Error. read ECONNRESET
[debug] [2020-12-24T03:05:00.865Z] FirebaseError: Server Error. read ECONNRESET
    at Request._callback (C:\Users\vaibh\AppData\Roaming\npm\node_modules\firebase-tools\lib\api.js:32:31)
    at self.callback (C:\Users\vaibh\AppData\Roaming\npm\node_modules\firebase-tools\node_modules\request\request.js:185:22)
    at Request.emit (events.js:315:20)
    at Request.EventEmitter.emit (domain.js:482:12)
    at Request.onRequestError (C:\Users\vaibh\AppData\Roaming\npm\node_modules\firebase-tools\node_modules\request\request.js:877:8)
    at ClientRequest.emit (events.js:327:22)
    at ClientRequest.EventEmitter.emit (domain.js:482:12)
    at TLSSocket.socketErrorListener (_http_client.js:426:9)
    at TLSSocket.emit (events.js:315:20)
    at TLSSocket.EventEmitter.emit (domain.js:482:12)
    at emitErrorNT (internal/streams/destroy.js:92:8)
    at emitErrorAndCloseNT (internal/streams/destroy.js:60:3)
    at processTicksAndRejections (internal/process/task_queues.js:84:21)
[error] 
[error] Error: Failed to get Firebase project react-redux-linkedin-clone. Please make sure the project exists and your account has permission to access it.
